[2022-06-07 19:20:43] [ INFO ] [OdontologoDAOH2:32] Se ha establecido la conexión
[2022-06-07 19:20:43] [ INFO ] [OdontologoDAOH2:37] Se ha creado la tabla de datos o se ha recuperado
[2022-06-07 19:20:43] [ INFO ] [OdontologoDAOH2:46] Se han insertado los valores correspondientes 
[2022-06-07 19:20:43] [ INFO ] [OdontologoDAOH2:32] Se ha establecido la conexión
[2022-06-07 19:20:43] [ INFO ] [OdontologoDAOH2:37] Se ha creado la tabla de datos o se ha recuperado
[2022-06-07 19:20:43] [ INFO ] [OdontologoDAOH2:46] Se han insertado los valores correspondientes 
[2022-06-07 19:20:43] [ INFO ] [OdontologoDAOH2:68] Se ha creada la lista 
[2022-06-07 19:20:43] [ INFO ] [OdontologoDAOH2:80] se generado la lista con sus elementos
[2022-06-07 19:28:47] [ INFO ] [OdontologoDAOH2:36] Se ha establecido la conexión
[2022-06-07 19:28:47] [ INFO ] [OdontologoDAOH2:41] Se ha creado la tabla de datos o se ha recuperado
[2022-06-07 19:28:47] [ INFO ] [OdontologoDAOH2:50] Se han insertado los valores correspondientes 
[2022-06-07 19:28:47] [ INFO ] [OdontologoDAOH2:36] Se ha establecido la conexión
[2022-06-07 19:28:47] [ INFO ] [OdontologoDAOH2:41] Se ha creado la tabla de datos o se ha recuperado
[2022-06-07 19:28:47] [ INFO ] [OdontologoDAOH2:50] Se han insertado los valores correspondientes 
[2022-06-07 19:28:47] [ INFO ] [OdontologoDAOH2:72] Se ha creada la lista 
[2022-06-07 19:28:47] [ INFO ] [OdontologoDAOH2:84] se generado la lista con sus elementos
[2022-06-07 19:36:07] [ INFO ] [OdontologoDAOH2:34] Se ha establecido la conexión
[2022-06-07 19:36:07] [ INFO ] [OdontologoDAOH2:39] Se ha creado la tabla de datos o se ha recuperado
[2022-06-07 19:36:07] [ INFO ] [OdontologoDAOH2:48] Se han insertado los valores correspondientes 
[2022-06-07 19:36:07] [ INFO ] [OdontologoDAOH2:34] Se ha establecido la conexión
[2022-06-07 19:36:07] [ INFO ] [OdontologoDAOH2:39] Se ha creado la tabla de datos o se ha recuperado
[2022-06-07 19:36:07] [ INFO ] [OdontologoDAOH2:48] Se han insertado los valores correspondientes 
[2022-06-07 19:36:07] [ INFO ] [OdontologoDAOH2:66] Se ha creada la lista 
[2022-06-07 19:36:07] [ INFO ] [OdontologoDAOH2:78] se generado la lista con sus elementos
[2022-06-07 19:44:16] [ INFO ] [OdontologoDAOH2:33] Se ha establecido la conexión
[2022-06-07 19:44:16] [ INFO ] [OdontologoDAOH2:45] Se han insertado los valores correspondientes 
[2022-06-07 19:44:16] [ INFO ] [OdontologoDAOH2:33] Se ha establecido la conexión
[2022-06-07 19:44:16] [ INFO ] [OdontologoDAOH2:45] Se han insertado los valores correspondientes 
[2022-06-07 19:44:16] [ INFO ] [OdontologoDAOH2:63] Se ha creada la lista 
[2022-06-07 19:45:51] [ INFO ] [OdontologoDAOH2:33] Se ha establecido la conexión
[2022-06-07 19:45:51] [ INFO ] [OdontologoDAOH2:38] Se ha creado la tabla de datos o se ha recuperado
[2022-06-07 19:45:51] [ INFO ] [OdontologoDAOH2:47] Se han insertado los valores correspondientes 
[2022-06-07 19:45:51] [ INFO ] [OdontologoDAOH2:33] Se ha establecido la conexión
[2022-06-07 19:45:51] [ INFO ] [OdontologoDAOH2:38] Se ha creado la tabla de datos o se ha recuperado
[2022-06-07 19:45:51] [ INFO ] [OdontologoDAOH2:47] Se han insertado los valores correspondientes 
[2022-06-07 19:45:51] [ INFO ] [OdontologoDAOH2:65] Se ha creada la lista 
[2022-06-07 19:48:08] [ INFO ] [OdontologoDAOH2:33] Se ha establecido la conexión
[2022-06-07 19:48:08] [ INFO ] [OdontologoDAOH2:45] Se han insertado los valores correspondientes 
[2022-06-07 19:48:08] [ INFO ] [OdontologoDAOH2:33] Se ha establecido la conexión
[2022-06-07 19:48:08] [ INFO ] [OdontologoDAOH2:45] Se han insertado los valores correspondientes 
[2022-06-07 19:48:08] [ INFO ] [OdontologoDAOH2:63] Se ha creada la lista 
[2022-06-07 19:48:08] [ INFO ] [OdontologoDAOH2:75] se generado la lista con sus elementos
[2022-06-07 20:07:29] [ INFO ] [OdontologoDAOH2:29] Se ha establecido la conexión
[2022-06-07 20:09:56] [ INFO ] [OdontologoDAOH2:29] Se ha establecido la conexión
[2022-06-07 20:09:56] [ INFO ] [OdontologoDAOH2:38] Se han insertado los valores correspondientes 
[2022-06-07 20:09:56] [ INFO ] [OdontologoDAOH2:29] Se ha establecido la conexión
[2022-06-07 20:09:56] [ INFO ] [OdontologoDAOH2:38] Se han insertado los valores correspondientes 
[2022-06-07 20:09:56] [ INFO ] [OdontologoDAOH2:52] Se ha creada la lista 
[2022-06-07 20:09:56] [ INFO ] [OdontologoDAOH2:64] se generado la lista con sus elementos
[2022-06-07 20:11:49] [ INFO ] [OdontologoDAOH2:29] Se ha establecido la conexión
[2022-06-07 20:27:15] [ INFO ] [OdontologoDAOH2:29] Se ha establecido la conexión
[2022-06-07 20:27:15] [ INFO ] [OdontologoDAOH2:38] Se han insertado los valores correspondientes 
[2022-06-07 20:27:15] [ INFO ] [OdontologoDAOH2:29] Se ha establecido la conexión
[2022-06-07 20:27:15] [ INFO ] [OdontologoDAOH2:38] Se han insertado los valores correspondientes 
[2022-06-07 20:27:15] [ INFO ] [OdontologoDAOH2:52] Se ha creada la lista 
[2022-06-07 20:27:15] [ INFO ] [OdontologoDAOH2:64] se generado la lista con sus elementos
[2022-06-07 20:52:47] [ INFO ] [OdontologoDAOH2:29] Se ha establecido la conexión
[2022-06-07 20:52:47] [ INFO ] [OdontologoDAOH2:38] Se han insertado los valores correspondientes 
[2022-06-07 20:52:47] [ INFO ] [OdontologoDAOH2:29] Se ha establecido la conexión
[2022-06-07 20:52:47] [ INFO ] [OdontologoDAOH2:38] Se han insertado los valores correspondientes 
[2022-06-07 20:52:47] [ INFO ] [OdontologoDAOH2:52] Se ha creada la lista 
[2022-06-07 20:52:47] [ INFO ] [OdontologoDAOH2:64] se generado la lista con sus elementos
[2022-06-07 20:54:50] [ INFO ] [OdontologoDAOH2:29] Se ha establecido la conexión
[2022-06-07 20:54:50] [ INFO ] [OdontologoDAOH2:38] Se han insertado los valores correspondientes 
[2022-06-07 20:54:50] [ INFO ] [OdontologoDAOH2:29] Se ha establecido la conexión
[2022-06-07 20:54:50] [ INFO ] [OdontologoDAOH2:38] Se han insertado los valores correspondientes 
[2022-06-07 20:54:50] [ INFO ] [OdontologoDAOH2:52] Se ha creada la lista 
[2022-06-07 20:54:50] [ INFO ] [OdontologoDAOH2:64] se generado la lista con sus elementos
[2022-06-07 20:57:04] [ INFO ] [OdontologoDAOH2:29] Se ha establecido la conexión
[2022-06-07 20:57:04] [ INFO ] [OdontologoDAOH2:38] Se han insertado los valores correspondientes 
[2022-06-07 20:57:04] [ INFO ] [OdontologoDAOH2:29] Se ha establecido la conexión
[2022-06-07 20:57:04] [ INFO ] [OdontologoDAOH2:38] Se han insertado los valores correspondientes 
[2022-06-07 20:57:04] [ INFO ] [OdontologoDAOH2:52] Se ha creada la lista 
[2022-06-07 20:57:05] [ INFO ] [OdontologoDAOH2:64] se generado la lista con sus elementos
[2022-06-07 21:02:46] [ INFO ] [OdontologoDAOH2:29] Se ha establecido la conexión
[2022-06-07 21:02:46] [ INFO ] [OdontologoDAOH2:38] Se han insertado los valores correspondientes 
[2022-06-07 21:02:46] [ INFO ] [OdontologoDAOH2:29] Se ha establecido la conexión
[2022-06-07 21:02:46] [ INFO ] [OdontologoDAOH2:38] Se han insertado los valores correspondientes 
[2022-06-07 21:02:46] [ INFO ] [OdontologoDAOH2:52] Se ha creada la lista 
[2022-06-07 21:02:46] [ INFO ] [OdontologoDAOH2:64] se generado la lista con sus elementos
[2022-06-07 21:37:35] [ INFO ] [OdontologoDAOH2:29] Se ha establecido la conexión
[2022-06-07 21:37:35] [ INFO ] [OdontologoDAOH2:38] Se han insertado los valores correspondientes 
[2022-06-07 21:37:35] [ INFO ] [OdontologoDAOH2:29] Se ha establecido la conexión
[2022-06-07 21:37:35] [ INFO ] [OdontologoDAOH2:38] Se han insertado los valores correspondientes 
[2022-06-07 21:37:35] [ INFO ] [OdontologoDAOH2:52] Se ha creada la lista 
[2022-06-07 21:37:35] [ INFO ] [OdontologoDAOH2:64] se generado la lista con sus elementos
[2022-06-07 22:43:24] [ INFO ] [OdontologoDAOH2:29] Se ha establecido la conexión
[2022-06-07 22:43:24] [ INFO ] [OdontologoDAOH2:38] Se han insertado los valores correspondientes 
[2022-06-07 22:43:24] [ INFO ] [OdontologoDAOH2:29] Se ha establecido la conexión
[2022-06-07 22:43:24] [ INFO ] [OdontologoDAOH2:38] Se han insertado los valores correspondientes 
[2022-06-07 22:43:24] [ INFO ] [OdontologoDAOH2:52] Se ha creada la lista 
[2022-06-07 22:43:25] [ INFO ] [OdontologoDAOH2:64] se generado la lista con sus elementos
[2022-06-07 23:32:20] [ INFO ] [OdontologoDAOH2:29] Se ha establecido la conexión
[2022-06-07 23:32:20] [ INFO ] [OdontologoDAOH2:38] Se han insertado los valores correspondientes 
[2022-06-07 23:32:20] [ INFO ] [OdontologoDAOH2:29] Se ha establecido la conexión
[2022-06-07 23:32:20] [ INFO ] [OdontologoDAOH2:38] Se han insertado los valores correspondientes 
[2022-06-07 23:32:20] [ INFO ] [OdontologoDAOH2:52] Se ha creada la lista 
[2022-06-07 23:32:20] [ INFO ] [OdontologoDAOH2:64] se generado la lista con sus elementos
[2022-06-07 23:32:27] [ INFO ] [OdontologoDAOH2:29] Se ha establecido la conexión
[2022-06-07 23:32:27] [ INFO ] [OdontologoDAOH2:38] Se han insertado los valores correspondientes 
[2022-06-07 23:32:27] [ INFO ] [OdontologoDAOH2:29] Se ha establecido la conexión
[2022-06-07 23:32:27] [ INFO ] [OdontologoDAOH2:38] Se han insertado los valores correspondientes 
[2022-06-07 23:32:27] [ INFO ] [OdontologoDAOH2:52] Se ha creada la lista 
[2022-06-07 23:32:27] [ INFO ] [OdontologoDAOH2:64] se generado la lista con sus elementos
[2022-06-07 23:37:27] [ INFO ] [OdontologoDAOH2:29] Se ha establecido la conexión
[2022-06-07 23:37:27] [ INFO ] [OdontologoDAOH2:38] Se han insertado los valores correspondientes 
[2022-06-07 23:37:27] [ INFO ] [OdontologoDAOH2:29] Se ha establecido la conexión
[2022-06-07 23:37:27] [ INFO ] [OdontologoDAOH2:38] Se han insertado los valores correspondientes 
[2022-06-07 23:37:27] [ INFO ] [OdontologoDAOH2:52] Se ha creada la lista 
[2022-06-07 23:37:27] [ INFO ] [OdontologoDAOH2:64] se generado la lista con sus elementos
