[2022-06-04 18:45:49] [ DEBUG] [EstudianteDaoH2:21] Registrando nuevo estudiante: Estudiantes{nombre='EstudianteUno', apellido='ApellidoUno', id=1}
[2022-06-04 18:47:04] [ DEBUG] [EstudianteDaoH2:21] Registrando nuevo estudiante: Estudiantes{nombre='EstudianteUno', apellido='ApellidoUno', id=1}
[2022-06-04 18:47:27] [ DEBUG] [EstudianteDaoH2:21] Registrando nuevo estudiante: Estudiantes{nombre='null', apellido='null', id=null}
[2022-06-04 18:48:22] [ DEBUG] [EstudianteDaoH2:21] Registrando nuevo estudiante: Estudiantes{nombre='EstudianteUno', apellido='ApellidoUno', id=1}
[2022-06-04 18:49:16] [ DEBUG] [EstudianteDaoH2:21] Registrando nuevo estudiante: Estudiantes{nombre='EstudianteUno', apellido='ApellidoUno', id=1}
[2022-06-04 18:49:43] [ DEBUG] [EstudianteDaoH2:21] Registrando nuevo estudiante: Estudiantes{nombre='EstudianteUno', apellido='ApellidoUno', id=1}
[2022-06-04 18:50:55] [ DEBUG] [EstudianteDaoH2:21] Registrando nuevo estudiante: Estudiantes{nombre='EstudianteUno', apellido='ApellidoUno', id=1}
[2022-06-04 19:01:35] [ DEBUG] [EstudianteDaoH2:21] Registrando nuevo estudiante: Estudiantes{nombre='EstudianteUno', apellido='ApellidoUno', id=1}
[2022-06-04 19:02:00] [ DEBUG] [EstudianteDaoH2:21] Registrando nuevo estudiante: Estudiantes{nombre='EstudianteUno', apellido='ApellidoUno', id=1}
[2022-06-04 19:04:11] [ DEBUG] [EstudianteDaoH2:21] Registrando nuevo estudiante: Estudiantes{nombre='EstudianteUno', apellido='ApellidoUno', id=1}
[2022-06-04 19:04:40] [ DEBUG] [EstudianteDaoH2:21] Registrando nuevo estudiante: Estudiantes{nombre='EstudianteUno', apellido='ApellidoUno', id=1}
[2022-06-04 19:08:05] [ DEBUG] [EstudianteDaoH2:21] Registrando nuevo estudiante: Estudiantes{nombre='EstudianteUno', apellido='ApellidoUno', id=4}
[2022-06-04 19:18:00] [ DEBUG] [EstudianteDaoH2:21] Registrando nuevo estudiante: Estudiantes{nombre='Carlos', apellido='Huerfano', id=4}
[2022-06-04 19:18:45] [ DEBUG] [EstudianteDaoH2:21] Registrando nuevo estudiante: Estudiantes{nombre='Carlos', apellido='Huerfano', id=4}
[2022-06-05 19:48:26] [ DEBUG] [EstudianteDaoH2:21] Registrando nuevo estudiante: Estudiantes{nombre='Carlos', apellido='Huerfano', id=4}
[2022-06-05 19:54:10] [ DEBUG] [EstudianteDaoH2:21] Registrando nuevo estudiante: Estudiantes{nombre='Carlos', apellido='Huerfano', id=4}
[2022-06-05 19:55:57] [ INFO ] [Medicamento:21]  se esta guardando el medicamento: Medicamento{Cod=1, nombre='Parecetamol', laboratorio='phizer', cantidad=30, precio=525.25, id=1}
[2022-06-05 19:55:57] [ INFO ] [Medicamento:29] estableciendo conexión
[2022-06-05 19:55:57] [ INFO ] [Medicamento:41] insertando los valores en medicamento:Parecetamol
[2022-06-05 20:00:44] [ DEBUG] [EstudianteDaoH2:21] Registrando nuevo estudiante: Estudiantes{nombre='EstudianteUno', apellido='ApellidoUno', id=1}
[2022-06-05 20:00:44] [ DEBUG] [EstudianteDaoH2:21] Registrando nuevo estudiante: Estudiantes{nombre='EstudianteDos', apellido='ApellidoDos', id=2}
[2022-06-05 20:00:44] [ DEBUG] [EstudianteDaoH2:21] Registrando nuevo estudiante: Estudiantes{nombre='EstudianteTres', apellido='ApellidoTres', id=3}
[2022-06-05 20:00:44] [ DEBUG] [EstudianteDaoH2:21] Registrando nuevo estudiante: Estudiantes{nombre='EstudianteCuatro', apellido='ApellidoCuatro', id=4}
[2022-06-05 20:00:44] [ DEBUG] [EstudianteDaoH2:21] Registrando nuevo estudiante: Estudiantes{nombre='Tomas', apellido='Pereyra', id=5}
[2022-06-05 20:09:46] [ DEBUG] [EstudianteDaoH2:21] Registrando nuevo estudiante: Estudiantes{nombre='EstudianteUno', apellido='ApellidoUno', id=1}
[2022-06-05 20:09:46] [ DEBUG] [EstudianteDaoH2:21] Registrando nuevo estudiante: Estudiantes{nombre='EstudianteDos', apellido='ApellidoDos', id=2}
[2022-06-05 20:09:46] [ DEBUG] [EstudianteDaoH2:21] Registrando nuevo estudiante: Estudiantes{nombre='EstudianteTres', apellido='ApellidoTres', id=3}
[2022-06-05 20:09:46] [ DEBUG] [EstudianteDaoH2:21] Registrando nuevo estudiante: Estudiantes{nombre='EstudianteCuatro', apellido='ApellidoCuatro', id=4}
[2022-06-05 20:09:46] [ DEBUG] [EstudianteDaoH2:21] Registrando nuevo estudiante: Estudiantes{nombre='Tomas', apellido='Pereyra', id=5}
[2022-06-05 20:10:10] [ DEBUG] [EstudianteDaoH2:21] Registrando nuevo estudiante: Estudiantes{nombre='EstudianteUno', apellido='ApellidoUno', id=1}
[2022-06-05 20:10:11] [ DEBUG] [EstudianteDaoH2:21] Registrando nuevo estudiante: Estudiantes{nombre='EstudianteDos', apellido='ApellidoDos', id=2}
[2022-06-05 20:10:11] [ DEBUG] [EstudianteDaoH2:21] Registrando nuevo estudiante: Estudiantes{nombre='EstudianteTres', apellido='ApellidoTres', id=3}
[2022-06-05 20:10:11] [ DEBUG] [EstudianteDaoH2:21] Registrando nuevo estudiante: Estudiantes{nombre='EstudianteCuatro', apellido='ApellidoCuatro', id=4}
[2022-06-05 20:10:11] [ DEBUG] [EstudianteDaoH2:21] Registrando nuevo estudiante: Estudiantes{nombre='Tomas', apellido='Pereyra', id=5}
