[2022-06-02 23:12:36] [ INFO ] [OdontologoDAOH2:30] Se ha establecido la conexión
[2022-06-02 23:12:36] [ INFO ] [OdontologoDAOH2:35] Se ha creado la tabla de datos o se ha recuperado
[2022-06-02 23:12:36] [ INFO ] [OdontologoDAOH2:44] Se han insertado los valores correspondientes 
[2022-06-02 23:12:36] [ INFO ] [OdontologoDAOH2:30] Se ha establecido la conexión
[2022-06-02 23:12:36] [ INFO ] [OdontologoDAOH2:35] Se ha creado la tabla de datos o se ha recuperado
[2022-06-02 23:12:36] [ INFO ] [OdontologoDAOH2:44] Se han insertado los valores correspondientes 
[2022-06-02 23:12:36] [ INFO ] [OdontologoDAOH2:66] Se ha creada la lista 
[2022-06-02 23:12:36] [ INFO ] [OdontologoDAOH2:78] se generado la lista con sus elementos
[2022-06-02 23:16:19] [ INFO ] [OdontologoDAOH2:30] Se ha establecido la conexión
[2022-06-02 23:16:19] [ INFO ] [OdontologoDAOH2:35] Se ha creado la tabla de datos o se ha recuperado
[2022-06-02 23:16:19] [ INFO ] [OdontologoDAOH2:44] Se han insertado los valores correspondientes 
[2022-06-02 23:16:19] [ INFO ] [OdontologoDAOH2:30] Se ha establecido la conexión
[2022-06-02 23:16:19] [ INFO ] [OdontologoDAOH2:35] Se ha creado la tabla de datos o se ha recuperado
[2022-06-02 23:16:19] [ INFO ] [OdontologoDAOH2:44] Se han insertado los valores correspondientes 
[2022-06-02 23:16:19] [ INFO ] [OdontologoDAOH2:66] Se ha creada la lista 
[2022-06-02 23:16:19] [ INFO ] [OdontologoDAOH2:78] se generado la lista con sus elementos
[2022-06-02 23:22:21] [ INFO ] [OdontologoDAOH2:66] Se ha creada la lista 
[2022-06-02 23:22:22] [ INFO ] [OdontologoDAOH2:78] se generado la lista con sus elementos
[2022-06-02 23:36:45] [ INFO ] [OdontologoDAOH2:30] Se ha establecido la conexión
[2022-06-02 23:36:45] [ INFO ] [OdontologoDAOH2:35] Se ha creado la tabla de datos o se ha recuperado
[2022-06-02 23:36:45] [ INFO ] [OdontologoDAOH2:44] Se han insertado los valores correspondientes 
[2022-06-02 23:36:45] [ INFO ] [OdontologoDAOH2:30] Se ha establecido la conexión
[2022-06-02 23:36:45] [ INFO ] [OdontologoDAOH2:35] Se ha creado la tabla de datos o se ha recuperado
[2022-06-02 23:36:45] [ INFO ] [OdontologoDAOH2:44] Se han insertado los valores correspondientes 
[2022-06-02 23:36:45] [ INFO ] [OdontologoDAOH2:66] Se ha creada la lista 
[2022-06-02 23:36:45] [ INFO ] [OdontologoDAOH2:78] se generado la lista con sus elementos
[2022-06-08 07:53:00] [ INFO ] [OdontologoDAOH2:30] Se ha establecido la conexión
[2022-06-08 07:53:00] [ INFO ] [OdontologoDAOH2:35] Se ha creado la tabla de datos o se ha recuperado
[2022-06-08 07:53:00] [ INFO ] [OdontologoDAOH2:44] Se han insertado los valores correspondientes 
[2022-06-08 07:53:00] [ INFO ] [OdontologoDAOH2:30] Se ha establecido la conexión
[2022-06-08 07:53:00] [ INFO ] [OdontologoDAOH2:35] Se ha creado la tabla de datos o se ha recuperado
[2022-06-08 07:53:00] [ INFO ] [OdontologoDAOH2:44] Se han insertado los valores correspondientes 
[2022-06-08 07:53:00] [ INFO ] [OdontologoDAOH2:66] Se ha creada la lista 
[2022-06-08 07:53:00] [ INFO ] [OdontologoDAOH2:78] se generado la lista con sus elementos
[2022-06-08 07:53:08] [ INFO ] [OdontologoDAOH2:30] Se ha establecido la conexión
[2022-06-08 07:53:08] [ INFO ] [OdontologoDAOH2:35] Se ha creado la tabla de datos o se ha recuperado
[2022-06-08 07:53:08] [ INFO ] [OdontologoDAOH2:44] Se han insertado los valores correspondientes 
[2022-06-08 07:53:08] [ INFO ] [OdontologoDAOH2:30] Se ha establecido la conexión
[2022-06-08 07:53:08] [ INFO ] [OdontologoDAOH2:35] Se ha creado la tabla de datos o se ha recuperado
[2022-06-08 07:53:08] [ INFO ] [OdontologoDAOH2:44] Se han insertado los valores correspondientes 
[2022-06-08 07:53:08] [ INFO ] [OdontologoDAOH2:66] Se ha creada la lista 
[2022-06-08 07:53:08] [ INFO ] [OdontologoDAOH2:78] se generado la lista con sus elementos
[2022-06-08 07:53:23] [ INFO ] [OdontologoDAOH2:30] Se ha establecido la conexión
[2022-06-08 07:53:23] [ INFO ] [OdontologoDAOH2:35] Se ha creado la tabla de datos o se ha recuperado
[2022-06-08 07:53:23] [ INFO ] [OdontologoDAOH2:44] Se han insertado los valores correspondientes 
[2022-06-08 07:53:23] [ INFO ] [OdontologoDAOH2:30] Se ha establecido la conexión
[2022-06-08 07:53:23] [ INFO ] [OdontologoDAOH2:35] Se ha creado la tabla de datos o se ha recuperado
[2022-06-08 07:53:23] [ INFO ] [OdontologoDAOH2:44] Se han insertado los valores correspondientes 
[2022-06-08 07:53:23] [ INFO ] [OdontologoDAOH2:66] Se ha creada la lista 
[2022-06-08 07:53:24] [ INFO ] [OdontologoDAOH2:78] se generado la lista con sus elementos
